<?xml version="1.0" encoding="UTF-8"?>
<testsuite name="FirstTest" tests="1" skipped="0" failures="0" errors="0" timestamp="2022-10-05T12:33:48" hostname="DESKTOP-0V86RGO" time="0.005">
  <properties/>
  <testcase name="firstTest" classname="FirstTest" time="0.005"/>
  <system-out><![CDATA[467
]]></system-out>
  <system-err><![CDATA[]]></system-err>
</testsuite>
